.
├── bp.py
├── cmd.txt
├── criterion-removebg-preview.png
├── data2.py
├── database
│   ├── bmi.db
│   └── bmidb.db
├── data.log
├── data.py
├── fire.py
├── net.txt
├── norad
│   ├── flows_cred.json
│   ├── flows.json
│   ├── package.json
│   ├── package-lock.json
│   ├── settings.js
│   └── uibuilder
│       ├── backupbmi
│       │   ├── LICENSE
│       │   ├── package.json
│       │   ├── README.md
│       │   ├── src
│       │   │   ├── bp.html
│       │   │   ├── css
│       │   │   │   ├── bootstrap.min.css
│       │   │   │   ├── main.css
│       │   │   │   └── style.css
│       │   │   ├── height.html
│       │   │   ├── images
│       │   │   │   ├── 0.png
│       │   │   │   ├── 1.png
│       │   │   │   ├── 2.png
│       │   │   │   ├── animation_lnbbto8f_medium.png
│       │   │   │   ├── bg1.png
│       │   │   │   ├── bg.png
│       │   │   │   ├── blood-pressure.png
│       │   │   │   ├── bmi animation 1.png
│       │   │   │   ├── bmianimation.gif
│       │   │   │   ├── bmi.png
│       │   │   │   ├── body-fat.png
│       │   │   │   ├── bpmachine.gif
│       │   │   │   ├── bp machine.png
│       │   │   │   ├── cardiogram.png
│       │   │   │   ├── flag.png
│       │   │   │   ├── footerlogo.png
│       │   │   │   ├── heart.png
│       │   │   │   ├── height.png
│       │   │   │   ├── home.png
│       │   │   │   ├── human-body .png
│       │   │   │   ├── logo.png
│       │   │   │   ├── print.png
│       │   │   │   ├── pulse-oximeter.png
│       │   │   │   ├── reports.png
│       │   │   │   ├── signout.png
│       │   │   │   ├── spo2 animation.png
│       │   │   │   ├── spo2.gif
│       │   │   │   ├── step1.gif
│       │   │   │   ├── step.gif
│       │   │   │   ├── Value-bathroom-scale.png
│       │   │   │   ├── Value-blood-pressure.png
│       │   │   │   ├── Value-bmi.png
│       │   │   │   ├── Value-heart-rate-monitor.png
│       │   │   │   ├── Value-height.png
│       │   │   │   ├── Value-pulse.png
│       │   │   │   ├── VitalLoader.gif
│       │   │   │   └── weight.png
│       │   │   ├── index.css
│       │   │   ├── index.html
│       │   │   ├── index.js
│       │   │   ├── js
│       │   │   │   ├── bootstrap.bundle.min.js
│       │   │   │   ├── bootstrap.min.js
│       │   │   │   ├── function.js
│       │   │   │   ├── jquery-3.7.1.min.js
│       │   │   │   └── script.js
│       │   │   ├── MobileNo.html
│       │   │   ├── OTP.html
│       │   │   ├── Reports.html
│       │   │   ├── signup.html
│       │   │   ├── spo2.html
│       │   │   ├── Vitals.html
│       │   │   └── VitalsMeasurement.html
│       │   └── src copy
│       │       ├── bp.html
│       │       ├── css
│       │       │   ├── bootstrap.min.css
│       │       │   ├── main.css
│       │       │   └── style.css
│       │       ├── height.html
│       │       ├── images
│       │       │   ├── 0.png
│       │       │   ├── 1.png
│       │       │   ├── 2.png
│       │       │   ├── animation_lnbbto8f_medium.png
│       │       │   ├── bg1.png
│       │       │   ├── bg.png
│       │       │   ├── blood-pressure.png
│       │       │   ├── bmi animation 1.png
│       │       │   ├── bmianimation.gif
│       │       │   ├── bmi.png
│       │       │   ├── body-fat.png
│       │       │   ├── bpmachine.gif
│       │       │   ├── bp machine.png
│       │       │   ├── cardiogram.png
│       │       │   ├── flag.png
│       │       │   ├── footerlogo.png
│       │       │   ├── heart.png
│       │       │   ├── height.png
│       │       │   ├── home.png
│       │       │   ├── human-body .png
│       │       │   ├── logo.png
│       │       │   ├── print.png
│       │       │   ├── pulse-oximeter.png
│       │       │   ├── reports.png
│       │       │   ├── signout.png
│       │       │   ├── spo2 animation.png
│       │       │   ├── spo2.gif
│       │       │   ├── step1.gif
│       │       │   ├── step.gif
│       │       │   ├── Value-bathroom-scale.png
│       │       │   ├── Value-blood-pressure.png
│       │       │   ├── Value-bmi.png
│       │       │   ├── Value-heart-rate-monitor.png
│       │       │   ├── Value-height.png
│       │       │   ├── Value-pulse.png
│       │       │   ├── VitalLoader.gif
│       │       │   └── weight.png
│       │       ├── index.css
│       │       ├── index.html
│       │       ├── index.js
│       │       ├── js
│       │       │   ├── bootstrap.bundle.min.js
│       │       │   ├── bootstrap.min.js
│       │       │   ├── function.js
│       │       │   ├── jquery-3.7.1.min.js
│       │       │   └── script.js
│       │       ├── MobileNo.html
│       │       ├── OTP.html
│       │       ├── Reports.html
│       │       ├── signup.html
│       │       ├── spo2.html
│       │       ├── Vitals.html
│       │       └── VitalsMeasurement.html
│       ├── bmi
│       │   ├── LICENSE
│       │   ├── package.json
│       │   ├── README.md
│       │   └── src
│       │       ├── bootstrap.bundle.min.js
│       │       ├── bootstrap.min.css
│       │       ├── criteriontech.webp
│       │       ├── gauge.min.js
│       │       ├── index.css
│       │       ├── index.html
│       │       ├── index.js
│       │       ├── jquery.min.js
│       │       ├── moment-with-locales.js
│       │       └── popper.min.js
│       ├── bmi2
│       │   ├── api
│       │   ├── dist
│       │   ├── LICENSE
│       │   ├── package.json
│       │   ├── README.md
│       │   ├── routes
│       │   └── src
│       │       ├── 1.jpg
│       │       ├── 2.jpg
│       │       ├── 3.jpg
│       │       ├── css
│       │       │   ├── bootstrap.css
│       │       │   ├── bootstrap.css.map
│       │       │   ├── bootstrap.min.css
│       │       │   ├── bootstrap.min.css.map
│       │       │   ├── main.css
│       │       │   └── style.css
│       │       ├── images
│       │       │   ├── bg1.png
│       │       │   ├── bg.png
│       │       │   ├── blood-pressure.png
│       │       │   ├── bmianimation.gif
│       │       │   ├── bmi.png
│       │       │   ├── body-fat.png
│       │       │   ├── bpmachine.gif
│       │       │   ├── cardiogram.png
│       │       │   ├── flag.png
│       │       │   ├── footerlogo.png
│       │       │   ├── heart.png
│       │       │   ├── height.png
│       │       │   ├── home.png
│       │       │   ├── human-body .png
│       │       │   ├── logo.png
│       │       │   ├── print.png
│       │       │   ├── pulse-oximeter.png
│       │       │   ├── reports.png
│       │       │   ├── signout.png
│       │       │   ├── spo2.gif
│       │       │   ├── step1.gif
│       │       │   ├── step.gif
│       │       │   ├── Value-bathroom-scale.png
│       │       │   ├── Value-blood-pressure.png
│       │       │   ├── Value-bmi.png
│       │       │   ├── Value-heart-rate-monitor.png
│       │       │   ├── Value-height.png
│       │       │   ├── Value-pulse.png
│       │       │   ├── VitalLoader.gif
│       │       │   └── weight.png
│       │       ├── index.css
│       │       ├── index.html
│       │       ├── index.js
│       │       ├── js
│       │       │   ├── bootstrap.bundle.js
│       │       │   ├── bootstrap.bundle.js.map
│       │       │   ├── bootstrap.bundle.min.js
│       │       │   ├── bootstrap.esm.js
│       │       │   ├── bootstrap.esm.js.map
│       │       │   ├── bootstrap.js
│       │       │   ├── bootstrap.js.map
│       │       │   ├── bootstrap.min.js
│       │       │   ├── bootstrap.min.js.map
│       │       │   ├── function.js
│       │       │   ├── jquery-3.7.1.min.js
│       │       │   └── script.js
│       │       ├── logo(1).png
│       │       ├── logo.png
│       │       └── network
│       │           ├── 0.png
│       │           ├── 1.png
│       │           └── 2.png
│       ├── bmi3
│       │   ├── LICENSE
│       │   ├── package.json
│       │   ├── README.md
│       │   └── src
│       │       ├── bp.html
│       │       ├── css
│       │       │   ├── all.min.css
│       │       │   ├── bootstrap.min.css
│       │       │   ├── main.css
│       │       │   └── style.css
│       │       ├── height.html
│       │       ├── images
│       │       │   ├── 0.png
│       │       │   ├── 1.png
│       │       │   ├── 2.png
│       │       │   ├── animation_lnbbto8f_medium.png
│       │       │   ├── bg1.png
│       │       │   ├── bg.png
│       │       │   ├── blood-pressure.png
│       │       │   ├── bmi animation 1.png
│       │       │   ├── bmianimation.gif
│       │       │   ├── bmi.png
│       │       │   ├── body-fat.png
│       │       │   ├── bpmachine.gif
│       │       │   ├── bp machine.png
│       │       │   ├── cardiogram.png
│       │       │   ├── flag.png
│       │       │   ├── footerlogo.png
│       │       │   ├── heart.png
│       │       │   ├── height.png
│       │       │   ├── home.png
│       │       │   ├── human-body .png
│       │       │   ├── logo.png
│       │       │   ├── print.png
│       │       │   ├── pulse-oximeter.png
│       │       │   ├── reports.png
│       │       │   ├── signout.png
│       │       │   ├── spo2 animation.png
│       │       │   ├── spo2.gif
│       │       │   ├── step1.gif
│       │       │   ├── step.gif
│       │       │   ├── Value-bathroom-scale.png
│       │       │   ├── Value-blood-pressure.png
│       │       │   ├── Value-bmi.png
│       │       │   ├── Value-heart-rate-monitor.png
│       │       │   ├── Value-height.png
│       │       │   ├── Value-pulse.png
│       │       │   ├── VitalLoader.gif
│       │       │   └── weight.png
│       │       ├── index.css
│       │       ├── index.html
│       │       ├── index.js
│       │       ├── js
│       │       │   ├── bootstrap.bundle.min.js
│       │       │   ├── bootstrap.min.js
│       │       │   ├── function.js
│       │       │   ├── jquery-2.1.3.min.js
│       │       │   ├── jquery-3.7.1.min.js
│       │       │   ├── script.js
│       │       │   └── sweetalert.js
│       │       ├── MobileNo.html
│       │       ├── OTP.html
│       │       ├── Reports.html
│       │       ├── signup.html
│       │       ├── spo2.html
│       │       ├── Vitals.html
│       │       ├── VitalsMeasurement.html
│       │       └── webfonts
│       │           ├── fa-brands-400.ttf
│       │           ├── fa-brands-400.woff2
│       │           ├── fa-regular-400.ttf
│       │           ├── fa-regular-400.woff2
│       │           ├── fa-solid-900.ttf
│       │           └── fa-solid-900.woff2
│       ├── bmi-hi
│       │   ├── LICENSE
│       │   ├── package.json
│       │   ├── README.md
│       │   └── src
│       │       ├── bp.html
│       │       ├── css
│       │       │   ├── all.min.css
│       │       │   ├── bootstrap.min.css
│       │       │   ├── main.css
│       │       │   └── style.css
│       │       ├── height.html
│       │       ├── images
│       │       │   ├── 0.png
│       │       │   ├── 1.png
│       │       │   ├── 2.png
│       │       │   ├── animation_lnbbto8f_medium.png
│       │       │   ├── bg1.png
│       │       │   ├── bg.png
│       │       │   ├── blood-pressure.png
│       │       │   ├── bmi animation 1.png
│       │       │   ├── bmianimation.gif
│       │       │   ├── bmi.png
│       │       │   ├── body-fat.png
│       │       │   ├── bpmachine.gif
│       │       │   ├── bp machine.png
│       │       │   ├── cardiogram.png
│       │       │   ├── flag.png
│       │       │   ├── footerlogo.png
│       │       │   ├── heart.png
│       │       │   ├── height.png
│       │       │   ├── home.png
│       │       │   ├── human-body .png
│       │       │   ├── logo.png
│       │       │   ├── logo.png_old
│       │       │   ├── print.png
│       │       │   ├── pulse-oximeter.png
│       │       │   ├── reports.png
│       │       │   ├── signout.png
│       │       │   ├── spo2 animation.png
│       │       │   ├── spo2.gif
│       │       │   ├── step1.gif
│       │       │   ├── step.gif
│       │       │   ├── Value-bathroom-scale.png
│       │       │   ├── Value-blood-pressure.png
│       │       │   ├── Value-bmi.png
│       │       │   ├── Value-heart-rate-monitor.png
│       │       │   ├── Value-height.png
│       │       │   ├── Value-pulse.png
│       │       │   ├── VitalLoader.gif
│       │       │   └── weight.png
│       │       ├── index.css
│       │       ├── index.html
│       │       ├── index.js
│       │       ├── js
│       │       │   ├── bootstrap.bundle.min.js
│       │       │   ├── bootstrap.min.js
│       │       │   ├── function.js
│       │       │   ├── jquery-2.1.3.min.js
│       │       │   ├── jquery-3.7.1.min.js
│       │       │   ├── script.js
│       │       │   └── sweetalert.js
│       │       ├── MobileNo.html
│       │       ├── OTP.html
│       │       ├── Reports.html
│       │       ├── signup.html
│       │       ├── spo2.html
│       │       ├── Vitals.html
│       │       ├── VitalsMeasurement.html
│       │       └── webfonts
│       │           ├── fa-brands-400.ttf
│       │           ├── fa-brands-400.woff2
│       │           ├── fa-regular-400.ttf
│       │           ├── fa-regular-400.woff2
│       │           ├── fa-solid-900.ttf
│       │           └── fa-solid-900.woff2
│       ├── common
│       │   └── images
│       │       └── node-blue.ico
│       ├── package.json
│       └── package.json.bak
├── print.py
├── print.txt
├── pri.py
├── raycome_bp.py
├── sms.py
├── spo2.py
└── start.sh

37 directories, 356 files
